========== UPDATE ============
Nodo: 
[INFO] Buscando actualizaciones...
[INFO] Descargando paquetes...
[INFO] Instalando paquetes...
[SUCCESS] Sistema actualizado
-----------------------------------
========== DEPLOY ==========
Nodo: 
[INFO] Iniciando despliegue de aplicación...
[PROGRESS] Paso 1/3 ejecutando...
[PROGRESS] Paso 2/3 ejecutando...
[PROGRESS] Paso 3/3 ejecutando...
[INFO] Instalando dependencias...
[INFO] Reiniciando servicio...
[SUCCESS] Deploy completado
-----------------------------------------
Nodo: 
========== UPDATE ============
Nodo: 
[INFO] Buscando actualizaciones...
[INFO] Descargando paquetes...
[INFO] Instalando paquetes...
[SUCCESS] Sistema actualizado
-----------------------------------
========== DEPLOY ==========
Nodo: 
[INFO] Iniciando despliegue de aplicación...
[PROGRESS] Paso 1/3 ejecutando...
[PROGRESS] Paso 2/3 ejecutando...
[PROGRESS] Paso 3/3 ejecutando...
[INFO] Instalando dependencias...
[INFO] Reiniciando servicio...
[SUCCESS] Deploy completado
-----------------------------------------
Nodo: 
